[
 {
  "taskId": "test-366499718",
  "points": 1,
  "results": [
   {
    "code": 0,
    "output": "<h2>Testing your code...</h2>\nTest 1 <b>passed</b>.\nTest 2 <b>passed</b>.\nTest 3 <b>passed</b>.\nTest 4 <b>passed</b> - recursion used\n<hr>\n<h3>All tests passed!</h3>",
    "timestamp": 1581438099749,
    "state": "pass"
   }
  ]
 },
 {
  "taskId": "test-1411085874",
  "points": 0,
  "results": [
   {
    "code": 1,
    "output": "Traceback (most recent call last):\n  File \".guides/secure/unit_tests/recursion/exercise1_test.py\", line 2, in <module>\n    from exercise1 import recursive_sum\nImportError: cannot import name 'recursive_sum'",
    "timestamp": 1581441608752,
    "state": "fail"
   }
  ]
 },
 {
  "taskId": "test-552501310",
  "points": 0,
  "results": []
 },
 {
  "taskId": "test-1580311453",
  "points": 0,
  "results": []
 },
 {
  "taskId": "test-1726150510",
  "points": 0,
  "results": [
   {
    "code": 1,
    "output": "Traceback (most recent call last):\n  File \".guides/secure/unit_tests/recursion/exercise4_test.py\", line 2, in <module>\n    from exercise4 import reverse_string\nImportError: cannot import name 'reverse_string'",
    "timestamp": 1581443343293,
    "state": "fail"
   }
  ]
 },
 {
  "taskId": "test-178541446",
  "points": 0,
  "results": []
 }
]